c:\users\termi\source\repos\c++\lab3\lab3_while\x64\debug\vc142.pdb
c:\users\termi\source\repos\c++\lab3\lab3_while\x64\debug\vc142.idb
c:\users\termi\source\repos\c++\lab3\lab3_while\x64\debug\findfirstnegativeelement.obj
c:\users\termi\source\repos\c++\lab3\lab3_while\x64\debug\summ.obj
c:\users\termi\source\repos\c++\lab3\lab3_while\x64\debug\source.obj
c:\users\termi\source\repos\c++\lab3\lab3_while\x64\debug\function.obj
c:\users\termi\source\repos\c++\lab3\lab3_while\x64\debug\findfirstelement.obj
c:\users\termi\source\repos\c++\lab3\lab3_while\x64\debug\summ2.obj
c:\users\termi\source\repos\c++\lab3\lab3_while\x64\debug\print.obj
c:\users\александр\source\repos\lab3_\lab3\lab3_while\x64\debug\vc142.pdb
c:\users\александр\source\repos\lab3_\lab3\lab3_while\x64\debug\vc142.idb
c:\users\александр\source\repos\lab3_\lab3\lab3_while\x64\debug\findfirstnegativeelement.obj
c:\users\александр\source\repos\lab3_\lab3\lab3_while\x64\debug\summ.obj
c:\users\александр\source\repos\lab3_\lab3\lab3_while\x64\debug\source.obj
c:\users\александр\source\repos\lab3_\lab3\lab3_while\x64\debug\function.obj
c:\users\александр\source\repos\lab3_\lab3\lab3_while\x64\debug\findfirstelement.obj
c:\users\александр\source\repos\lab3_\lab3\lab3_while\x64\debug\summ2.obj
c:\users\александр\source\repos\lab3_\lab3\lab3_while\x64\debug\print.obj
c:\users\termi\source\repos\c++\lab3\x64\debug\lab3_while.ilk
c:\users\termi\source\repos\c++\lab3\x64\debug\lab3_while.exe
c:\users\termi\source\repos\c++\lab3\x64\debug\lab3_while.pdb
c:\users\александр\source\repos\lab3_\lab3\x64\debug\lab3_while.ilk
c:\users\александр\source\repos\lab3_\lab3\x64\debug\lab3_while.exe
c:\users\александр\source\repos\lab3_\lab3\x64\debug\lab3_while.pdb
c:\users\александр\source\repos\lab3_\lab3\lab3_while\x64\debug\lab3_while.tlog\cl.command.1.tlog
c:\users\александр\source\repos\lab3_\lab3\lab3_while\x64\debug\lab3_while.tlog\cl.read.1.tlog
c:\users\александр\source\repos\lab3_\lab3\lab3_while\x64\debug\lab3_while.tlog\cl.write.1.tlog
c:\users\александр\source\repos\lab3_\lab3\lab3_while\x64\debug\lab3_while.tlog\link.command.1.tlog
c:\users\александр\source\repos\lab3_\lab3\lab3_while\x64\debug\lab3_while.tlog\link.read.1.tlog
c:\users\александр\source\repos\lab3_\lab3\lab3_while\x64\debug\lab3_while.tlog\link.write.1.tlog
